This file contains any messages produced by compilers while
running configure, to aid debugging if configure makes a mistake.

It was created by glm configure 0.3.2, which was
generated by GNU Autoconf 2.69.  Invocation command line was

  $ ./configure 

## --------- ##
## Platform. ##
## --------- ##

hostname = Alexiss-MacBook-Pro.local
uname -m = x86_64
uname -r = 16.4.0
uname -s = Darwin
uname -v = Darwin Kernel Version 16.4.0: Thu Dec 22 22:53:21 PST 2016; root:xnu-3789.41.3~3/RELEASE_X86_64

/usr/bin/uname -p = i386
/bin/uname -X     = unknown

/bin/arch              = unknown
/usr/bin/arch -k       = unknown
/usr/convex/getsysinfo = unknown
/usr/bin/hostinfo      = Mach kernel version:
	 Darwin Kernel Version 16.4.0: Thu Dec 22 22:53:21 PST 2016; root:xnu-3789.41.3~3/RELEASE_X86_64
Kernel configured for up to 8 processors.
4 processors are physically available.
8 processors are logically available.
Processor type: i486 (Intel 80486)
Processors active: 0 1 2 3 4 5 6 7
Primary memory available: 8.00 gigabytes
Default processor set: 307 tasks, 1439 threads, 8 processors
Load average: 1.71, Mach factor: 6.28
/bin/machine           = unknown
/usr/bin/oslevel       = unknown
/bin/universe          = unknown

PATH: /Library/Frameworks/Python.framework/Versions/2.7/bin
PATH: /tmp/android-ndk-r10e
PATH: /usr/local/bin
PATH: /usr/local/bin
PATH: /usr/bin
PATH: /bin
PATH: /usr/sbin
PATH: /sbin
PATH: /Applications/Android Studio.app/sdk/platform-tools
PATH: /Applications/Android Studio.app/sdk/tools
PATH: /Applications/Neo4j Community Edition.app/Contents/Resources/app/bin/


## ----------- ##
## Core tests. ##
## ----------- ##

configure:2432: checking build system type
configure:2446: result: x86_64-apple-darwin16.4.0
configure:2466: checking host system type
configure:2479: result: x86_64-apple-darwin16.4.0
configure:2499: checking target system type
configure:2512: result: x86_64-apple-darwin16.4.0
configure:2554: checking for a BSD-compatible install
configure:2622: result: /usr/bin/install -c
configure:2633: checking whether build environment is sane
configure:2688: result: yes
configure:2839: checking for a thread-safe mkdir -p
configure:2878: result: ./install-sh -c -d
configure:2885: checking for gawk
configure:2915: result: no
configure:2885: checking for mawk
configure:2915: result: no
configure:2885: checking for nawk
configure:2915: result: no
configure:2885: checking for awk
configure:2901: found /usr/bin/awk
configure:2912: result: awk
configure:2923: checking whether make sets $(MAKE)
configure:2945: result: yes
configure:2974: checking whether make supports nested variables
configure:2991: result: yes
configure:3170: checking for gcc
configure:3186: found /usr/bin/gcc
configure:3197: result: gcc
configure:3426: checking for C compiler version
configure:3435: gcc --version >&5
Apple LLVM version 8.0.0 (clang-800.0.42.1)
Target: x86_64-apple-darwin16.4.0
Thread model: posix
InstalledDir: /Applications/Xcode.app/Contents/Developer/Toolchains/XcodeDefault.xctoolchain/usr/bin
Configured with: --prefix=/Applications/Xcode.app/Contents/Developer/usr --with-gxx-include-dir=/usr/include/c++/4.2.1
configure:3446: $? = 0
configure:3435: gcc -v >&5
Configured with: --prefix=/Applications/Xcode.app/Contents/Developer/usr --with-gxx-include-dir=/usr/include/c++/4.2.1
Apple LLVM version 8.0.0 (clang-800.0.42.1)
Target: x86_64-apple-darwin16.4.0
Thread model: posix
InstalledDir: /Applications/Xcode.app/Contents/Developer/Toolchains/XcodeDefault.xctoolchain/usr/bin
configure:3446: $? = 0
configure:3435: gcc -V >&5
clang: error: argument to '-V' is missing (expected 1 value)
clang: error: no input files
configure:3446: $? = 1
configure:3435: gcc -qversion >&5
clang: error: unknown argument: '-qversion'
clang: error: no input files
configure:3446: $? = 1
configure:3466: checking whether the C compiler works
configure:3488: gcc    conftest.c  >&5
configure:3492: $? = 0
configure:3540: result: yes
configure:3543: checking for C compiler default output file name
configure:3545: result: a.out
configure:3551: checking for suffix of executables
configure:3558: gcc -o conftest    conftest.c  >&5
configure:3562: $? = 0
configure:3584: result: 
configure:3606: checking whether we are cross compiling
configure:3614: gcc -o conftest    conftest.c  >&5
configure:3618: $? = 0
configure:3625: ./conftest
configure:3629: $? = 0
configure:3644: result: no
configure:3649: checking for suffix of object files
configure:3671: gcc -c   conftest.c >&5
configure:3675: $? = 0
configure:3696: result: o
configure:3700: checking whether we are using the GNU C compiler
configure:3719: gcc -c   conftest.c >&5
configure:3719: $? = 0
configure:3728: result: yes
configure:3737: checking whether gcc accepts -g
configure:3757: gcc -c -g  conftest.c >&5
configure:3757: $? = 0
configure:3798: result: yes
configure:3815: checking for gcc option to accept ISO C89
configure:3878: gcc  -c -g -O2  conftest.c >&5
configure:3878: $? = 0
configure:3891: result: none needed
configure:3916: checking whether gcc understands -c and -o together
configure:3938: gcc -c conftest.c -o conftest2.o
configure:3941: $? = 0
configure:3938: gcc -c conftest.c -o conftest2.o
configure:3941: $? = 0
configure:3953: result: yes
configure:3981: checking for style of include used by make
configure:4009: result: GNU
configure:4035: checking dependency style of gcc
configure:4146: result: gcc3
configure:4164: checking for inline
configure:4180: gcc -c -g -O2  conftest.c >&5
configure:4180: $? = 0
configure:4188: result: inline
configure:4284: checking what warning flags to pass to the C compiler
configure:4286: result: -Wall -Wmissing-prototypes
configure:4297: checking what language compliance flags to pass to the C compiler
configure:4312: result: 
configure:4398: checking how to print strings
configure:4425: result: printf
configure:4446: checking for a sed that does not truncate output
configure:4510: result: /usr/bin/sed
configure:4528: checking for grep that handles long lines and -e
configure:4586: result: /usr/bin/grep
configure:4591: checking for egrep
configure:4653: result: /usr/bin/grep -E
configure:4658: checking for fgrep
configure:4720: result: /usr/bin/grep -F
configure:4755: checking for ld used by gcc
configure:4822: result: /Applications/Xcode.app/Contents/Developer/Toolchains/XcodeDefault.xctoolchain/usr/bin/ld
configure:4829: checking if the linker (/Applications/Xcode.app/Contents/Developer/Toolchains/XcodeDefault.xctoolchain/usr/bin/ld) is GNU ld
configure:4844: result: no
configure:4856: checking for BSD- or MS-compatible name lister (nm)
configure:4910: result: /usr/bin/nm -B
configure:5040: checking the name lister (/usr/bin/nm -B) interface
configure:5047: gcc -c -g -O2  conftest.c >&5
configure:5050: /usr/bin/nm -B "conftest.o"
configure:5053: output
00000000000001f4 S _some_variable
configure:5060: result: BSD nm
configure:5063: checking whether ln -s works
configure:5067: result: yes
configure:5075: checking the maximum length of command line arguments
configure:5206: result: 196608
configure:5254: checking how to convert x86_64-apple-darwin16.4.0 file names to x86_64-apple-darwin16.4.0 format
configure:5294: result: func_convert_file_noop
configure:5301: checking how to convert x86_64-apple-darwin16.4.0 file names to toolchain format
configure:5321: result: func_convert_file_noop
configure:5328: checking for /Applications/Xcode.app/Contents/Developer/Toolchains/XcodeDefault.xctoolchain/usr/bin/ld option to reload object files
configure:5335: result: -r
configure:5409: checking for objdump
configure:5425: found /usr/bin/objdump
configure:5436: result: objdump
configure:5468: checking how to recognize dependent libraries
configure:5668: result: pass_all
configure:5753: checking for dlltool
configure:5783: result: no
configure:5813: checking how to associate runtime and link libraries
configure:5840: result: printf %s\n
configure:5900: checking for ar
configure:5916: found /usr/bin/ar
configure:5927: result: ar
configure:5964: checking for archiver @FILE support
configure:5981: gcc -c -g -O2  conftest.c >&5
configure:5981: $? = 0
configure:5984: ar cru libconftest.a @conftest.lst >&5
ar: @conftest.lst: No such file or directory
configure:5987: $? = 1
configure:6007: result: no
configure:6065: checking for strip
configure:6081: found /usr/bin/strip
configure:6092: result: strip
configure:6164: checking for ranlib
configure:6180: found /usr/bin/ranlib
configure:6191: result: ranlib
configure:6293: checking command to parse /usr/bin/nm -B output from gcc object
configure:6446: gcc -c -g -O2  conftest.c >&5
configure:6449: $? = 0
configure:6453: /usr/bin/nm -B conftest.o \| sed -n -e 's/^.*[ ]\([BCDEGRST][BCDEGRST]*\)[ ][ ]*\([_A-Za-z][_A-Za-z0-9]*\)$/\1 \2 \2/p' | sed '/ __gnu_lto/d' \> conftest.nm
configure:6456: $? = 0
cannot find nm_test_var in conftest.nm
configure:6446: gcc -c -g -O2  conftest.c >&5
configure:6449: $? = 0
configure:6453: /usr/bin/nm -B conftest.o \| sed -n -e 's/^.*[ ]\([BCDEGRST][BCDEGRST]*\)[ ][ ]*_\([_A-Za-z][_A-Za-z0-9]*\)$/\1 _\2 \2/p' | sed '/ __gnu_lto/d' \> conftest.nm
configure:6456: $? = 0
configure:6522: gcc -o conftest -g -O2   conftest.c conftstm.o >&5
warning: (x86_64)  could not find object file symbol for symbol _main
configure:6525: $? = 0
configure:6563: result: ok
configure:6610: checking for sysroot
configure:6640: result: no
configure:6647: checking for a working dd
configure:6685: result: /bin/dd
configure:6689: checking how to truncate binary pipes
configure:6704: result: /bin/dd bs=4096 count=1
configure:7033: checking for mt
configure:7063: result: no
configure:7083: checking if : is a manifest tool
configure:7089: : '-?'
configure:7097: result: no
configure:7153: checking for dsymutil
configure:7169: found /usr/bin/dsymutil
configure:7180: result: dsymutil
configure:7245: checking for nmedit
configure:7261: found /usr/bin/nmedit
configure:7272: result: nmedit
configure:7337: checking for lipo
configure:7353: found /usr/bin/lipo
configure:7364: result: lipo
configure:7429: checking for otool
configure:7445: found /usr/bin/otool
configure:7456: result: otool
configure:7521: checking for otool64
configure:7551: result: no
configure:7596: checking for -single_module linker flag
gcc -g -O2  -o libconftest.dylib -dynamiclib -Wl,-single_module conftest.c
configure:7629: result: yes
configure:7632: checking for -exported_symbols_list linker flag
configure:7652: gcc -o conftest -g -O2   -Wl,-exported_symbols_list,conftest.sym conftest.c  >&5
configure:7652: $? = 0
configure:7662: result: yes
configure:7665: checking for -force_load linker flag
gcc -g -O2 -c -o conftest.o conftest.c
ar cru libconftest.a conftest.o
ranlib libconftest.a
gcc -g -O2  -o conftest conftest.c -Wl,-force_load,./libconftest.a
configure:7697: result: yes
configure:7774: checking how to run the C preprocessor
configure:7805: gcc -E  conftest.c
configure:7805: $? = 0
configure:7819: gcc -E  conftest.c
conftest.c:11:10: fatal error: 'ac_nonexistent.h' file not found
#include <ac_nonexistent.h>
         ^
1 error generated.
configure:7819: $? = 1
configure: failed program was:
| /* confdefs.h */
| #define PACKAGE_NAME "glm"
| #define PACKAGE_TARNAME "glm"
| #define PACKAGE_VERSION "0.3.2"
| #define PACKAGE_STRING "glm 0.3.2"
| #define PACKAGE_BUGREPORT ""
| #define PACKAGE_URL ""
| #define PACKAGE "glm"
| #define VERSION "0.3.2"
| /* end confdefs.h.  */
| #include <ac_nonexistent.h>
configure:7844: result: gcc -E
configure:7864: gcc -E  conftest.c
configure:7864: $? = 0
configure:7878: gcc -E  conftest.c
conftest.c:11:10: fatal error: 'ac_nonexistent.h' file not found
#include <ac_nonexistent.h>
         ^
1 error generated.
configure:7878: $? = 1
configure: failed program was:
| /* confdefs.h */
| #define PACKAGE_NAME "glm"
| #define PACKAGE_TARNAME "glm"
| #define PACKAGE_VERSION "0.3.2"
| #define PACKAGE_STRING "glm 0.3.2"
| #define PACKAGE_BUGREPORT ""
| #define PACKAGE_URL ""
| #define PACKAGE "glm"
| #define VERSION "0.3.2"
| /* end confdefs.h.  */
| #include <ac_nonexistent.h>
configure:7907: checking for ANSI C header files
configure:7927: gcc -c -g -O2  conftest.c >&5
configure:7927: $? = 0
configure:8000: gcc -o conftest -g -O2   conftest.c  >&5
configure:8000: $? = 0
configure:8000: ./conftest
configure:8000: $? = 0
configure:8011: result: yes
configure:8024: checking for sys/types.h
configure:8024: gcc -c -g -O2  conftest.c >&5
configure:8024: $? = 0
configure:8024: result: yes
configure:8024: checking for sys/stat.h
configure:8024: gcc -c -g -O2  conftest.c >&5
configure:8024: $? = 0
configure:8024: result: yes
configure:8024: checking for stdlib.h
configure:8024: gcc -c -g -O2  conftest.c >&5
configure:8024: $? = 0
configure:8024: result: yes
configure:8024: checking for string.h
configure:8024: gcc -c -g -O2  conftest.c >&5
configure:8024: $? = 0
configure:8024: result: yes
configure:8024: checking for memory.h
configure:8024: gcc -c -g -O2  conftest.c >&5
configure:8024: $? = 0
configure:8024: result: yes
configure:8024: checking for strings.h
configure:8024: gcc -c -g -O2  conftest.c >&5
configure:8024: $? = 0
configure:8024: result: yes
configure:8024: checking for inttypes.h
configure:8024: gcc -c -g -O2  conftest.c >&5
configure:8024: $? = 0
configure:8024: result: yes
configure:8024: checking for stdint.h
configure:8024: gcc -c -g -O2  conftest.c >&5
configure:8024: $? = 0
configure:8024: result: yes
configure:8024: checking for unistd.h
configure:8024: gcc -c -g -O2  conftest.c >&5
configure:8024: $? = 0
configure:8024: result: yes
configure:8038: checking for dlfcn.h
configure:8038: gcc -c -g -O2  conftest.c >&5
configure:8038: $? = 0
configure:8038: result: yes
configure:8264: checking for objdir
configure:8279: result: .libs
configure:8543: checking if gcc supports -fno-rtti -fno-exceptions
configure:8561: gcc -c -g -O2  -fno-rtti -fno-exceptions conftest.c >&5
configure:8565: $? = 0
configure:8578: result: yes
configure:8936: checking for gcc option to produce PIC
configure:8943: result: -fno-common -DPIC
configure:8951: checking if gcc PIC flag -fno-common -DPIC works
configure:8969: gcc -c -g -O2  -fno-common -DPIC -DPIC conftest.c >&5
configure:8973: $? = 0
configure:8986: result: yes
configure:9015: checking if gcc static flag -static works
configure:9043: result: no
configure:9058: checking if gcc supports -c -o file.o
configure:9079: gcc -c -g -O2  -o out/conftest2.o conftest.c >&5
configure:9083: $? = 0
configure:9105: result: yes
configure:9113: checking if gcc supports -c -o file.o
configure:9160: result: yes
configure:9193: checking whether the gcc linker (/Applications/Xcode.app/Contents/Developer/Toolchains/XcodeDefault.xctoolchain/usr/bin/ld) supports shared libraries
configure:10452: result: yes
configure:10692: checking dynamic linker characteristics
configure:11510: result: darwin16.4.0 dyld
configure:11632: checking how to hardcode library paths into programs
configure:11657: result: immediate
configure:12205: checking whether stripping libraries is possible
configure:12219: result: yes
configure:12245: checking if libtool supports shared libraries
configure:12247: result: yes
configure:12250: checking whether to build shared libraries
configure:12275: result: no
configure:12278: checking whether to build static libraries
configure:12282: result: yes
configure:12322: checking for strdup
configure:12322: gcc -o conftest -g -O2   conftest.c  >&5
conftest.c:46:6: warning: incompatible redeclaration of library function 'strdup' [-Wincompatible-library-redeclaration]
char strdup ();
     ^
conftest.c:46:6: note: 'strdup' is a builtin with type 'char *(const char *)'
1 warning generated.
configure:12322: $? = 0
configure:12322: result: yes
configure:12332: checking for X
configure:12440: gcc -E  conftest.c
conftest.c:24:10: fatal error: 'X11/Xlib.h' file not found
#include <X11/Xlib.h>
         ^
1 error generated.
configure:12440: $? = 1
configure: failed program was:
| /* confdefs.h */
| #define PACKAGE_NAME "glm"
| #define PACKAGE_TARNAME "glm"
| #define PACKAGE_VERSION "0.3.2"
| #define PACKAGE_STRING "glm 0.3.2"
| #define PACKAGE_BUGREPORT ""
| #define PACKAGE_URL ""
| #define PACKAGE "glm"
| #define VERSION "0.3.2"
| #define STDC_HEADERS 1
| #define HAVE_SYS_TYPES_H 1
| #define HAVE_SYS_STAT_H 1
| #define HAVE_STDLIB_H 1
| #define HAVE_STRING_H 1
| #define HAVE_MEMORY_H 1
| #define HAVE_STRINGS_H 1
| #define HAVE_INTTYPES_H 1
| #define HAVE_STDINT_H 1
| #define HAVE_UNISTD_H 1
| #define HAVE_DLFCN_H 1
| #define LT_OBJDIR ".libs/"
| #define HAVE_STRDUP 1
| /* end confdefs.h.  */
| #include <X11/Xlib.h>
configure:12471: gcc -o conftest -g -O2   conftest.c -lX11  >&5
conftest.c:24:10: fatal error: 'X11/Xlib.h' file not found
#include <X11/Xlib.h>
         ^
1 error generated.
configure:12471: $? = 1
configure: failed program was:
| /* confdefs.h */
| #define PACKAGE_NAME "glm"
| #define PACKAGE_TARNAME "glm"
| #define PACKAGE_VERSION "0.3.2"
| #define PACKAGE_STRING "glm 0.3.2"
| #define PACKAGE_BUGREPORT ""
| #define PACKAGE_URL ""
| #define PACKAGE "glm"
| #define VERSION "0.3.2"
| #define STDC_HEADERS 1
| #define HAVE_SYS_TYPES_H 1
| #define HAVE_SYS_STAT_H 1
| #define HAVE_STDLIB_H 1
| #define HAVE_STRING_H 1
| #define HAVE_MEMORY_H 1
| #define HAVE_STRINGS_H 1
| #define HAVE_INTTYPES_H 1
| #define HAVE_STDINT_H 1
| #define HAVE_UNISTD_H 1
| #define HAVE_DLFCN_H 1
| #define LT_OBJDIR ".libs/"
| #define HAVE_STRDUP 1
| /* end confdefs.h.  */
| #include <X11/Xlib.h>
| int
| main ()
| {
| XrmInitialize ()
|   ;
|   return 0;
| }
configure:12510: result: no
configure:12690: checking for the pthreads library -lpthreads
configure:12723: gcc -o conftest -g -O2    conftest.c -lpthreads  >&5
conftest.c:29:41: warning: null passed to a callee that requires a non-null argument [-Wnonnull]
                     pthread_attr_init(0); pthread_cleanup_push(0, 0);
                                       ~^
conftest.c:30:44: warning: null passed to a callee that requires a non-null argument [-Wnonnull]
                     pthread_create(0,0,0,0); pthread_cleanup_pop(0);
                                    ~      ^
conftest.c:30:44: warning: null passed to a callee that requires a non-null argument [-Wnonnull]
                     pthread_create(0,0,0,0); pthread_cleanup_pop(0);
                                        ~  ^
3 warnings generated.
ld: library not found for -lpthreads
clang: error: linker command failed with exit code 1 (use -v to see invocation)
configure:12723: $? = 1
configure: failed program was:
| /* confdefs.h */
| #define PACKAGE_NAME "glm"
| #define PACKAGE_TARNAME "glm"
| #define PACKAGE_VERSION "0.3.2"
| #define PACKAGE_STRING "glm 0.3.2"
| #define PACKAGE_BUGREPORT ""
| #define PACKAGE_URL ""
| #define PACKAGE "glm"
| #define VERSION "0.3.2"
| #define STDC_HEADERS 1
| #define HAVE_SYS_TYPES_H 1
| #define HAVE_SYS_STAT_H 1
| #define HAVE_STDLIB_H 1
| #define HAVE_STRING_H 1
| #define HAVE_MEMORY_H 1
| #define HAVE_STRINGS_H 1
| #define HAVE_INTTYPES_H 1
| #define HAVE_STDINT_H 1
| #define HAVE_UNISTD_H 1
| #define HAVE_DLFCN_H 1
| #define LT_OBJDIR ".libs/"
| #define HAVE_STRDUP 1
| /* end confdefs.h.  */
| #include <pthread.h>
| int
| main ()
| {
| pthread_t th; pthread_join(th, 0);
|                      pthread_attr_init(0); pthread_cleanup_push(0, 0);
|                      pthread_create(0,0,0,0); pthread_cleanup_pop(0);
|   ;
|   return 0;
| }
configure:12732: result: no
configure:12635: checking whether pthreads work without any flags
configure:12723: gcc -o conftest -g -O2    conftest.c   >&5
conftest.c:29:41: warning: null passed to a callee that requires a non-null argument [-Wnonnull]
                     pthread_attr_init(0); pthread_cleanup_push(0, 0);
                                       ~^
conftest.c:30:44: warning: null passed to a callee that requires a non-null argument [-Wnonnull]
                     pthread_create(0,0,0,0); pthread_cleanup_pop(0);
                                    ~      ^
conftest.c:30:44: warning: null passed to a callee that requires a non-null argument [-Wnonnull]
                     pthread_create(0,0,0,0); pthread_cleanup_pop(0);
                                        ~  ^
3 warnings generated.
configure:12723: $? = 0
configure:12732: result: yes
configure:12751: checking for joinable pthread attribute
configure:12766: gcc -o conftest -g -O2    conftest.c   >&5
configure:12766: $? = 0
configure:12772: result: PTHREAD_CREATE_JOINABLE
configure:12782: checking if more special flags are required for pthreads
configure:12789: result: -D_THREAD_SAFE
configure:12878: checking whether to check for GCC pthread/shared inconsistencies
configure:12891: gcc -o conftest -shared -fPIC -Wl,-z,defs -g -O2 -D_THREAD_SAFE    conftest.c   >&5
ld: unknown option: -z
clang: error: linker command failed with exit code 1 (use -v to see invocation)
configure:12891: $? = 1
configure: failed program was:
| /* confdefs.h */
| #define PACKAGE_NAME "glm"
| #define PACKAGE_TARNAME "glm"
| #define PACKAGE_VERSION "0.3.2"
| #define PACKAGE_STRING "glm 0.3.2"
| #define PACKAGE_BUGREPORT ""
| #define PACKAGE_URL ""
| #define PACKAGE "glm"
| #define VERSION "0.3.2"
| #define STDC_HEADERS 1
| #define HAVE_SYS_TYPES_H 1
| #define HAVE_SYS_STAT_H 1
| #define HAVE_STDLIB_H 1
| #define HAVE_STRING_H 1
| #define HAVE_MEMORY_H 1
| #define HAVE_STRINGS_H 1
| #define HAVE_INTTYPES_H 1
| #define HAVE_STDINT_H 1
| #define HAVE_UNISTD_H 1
| #define HAVE_DLFCN_H 1
| #define LT_OBJDIR ".libs/"
| #define HAVE_STRDUP 1
| /* end confdefs.h.  */
| 
| int
| main ()
| {
| 
|   ;
|   return 0;
| }
configure:12900: result: no
configure:13019: checking whether what we have so far is sufficient with -nostdlib
configure:13037: gcc -o conftest -nostdlib -shared -fPIC -Wl,-z,defs -g -O2 -D_THREAD_SAFE    conftest.c   -lc >&5
conftest.c:29:28: warning: null passed to a callee that requires a non-null argument [-Wnonnull]
               pthread_attr_init(0); pthread_cleanup_push(0, 0);
                                 ~^
conftest.c:30:31: warning: null passed to a callee that requires a non-null argument [-Wnonnull]
               pthread_create(0,0,0,0); pthread_cleanup_pop(0);
                              ~      ^
conftest.c:30:31: warning: null passed to a callee that requires a non-null argument [-Wnonnull]
               pthread_create(0,0,0,0); pthread_cleanup_pop(0);
                                  ~  ^
3 warnings generated.
ld: unknown option: -z
clang: error: linker command failed with exit code 1 (use -v to see invocation)
configure:13037: $? = 1
configure: failed program was:
| /* confdefs.h */
| #define PACKAGE_NAME "glm"
| #define PACKAGE_TARNAME "glm"
| #define PACKAGE_VERSION "0.3.2"
| #define PACKAGE_STRING "glm 0.3.2"
| #define PACKAGE_BUGREPORT ""
| #define PACKAGE_URL ""
| #define PACKAGE "glm"
| #define VERSION "0.3.2"
| #define STDC_HEADERS 1
| #define HAVE_SYS_TYPES_H 1
| #define HAVE_SYS_STAT_H 1
| #define HAVE_STDLIB_H 1
| #define HAVE_STRING_H 1
| #define HAVE_MEMORY_H 1
| #define HAVE_STRINGS_H 1
| #define HAVE_INTTYPES_H 1
| #define HAVE_STDINT_H 1
| #define HAVE_UNISTD_H 1
| #define HAVE_DLFCN_H 1
| #define LT_OBJDIR ".libs/"
| #define HAVE_STRDUP 1
| /* end confdefs.h.  */
| #include <pthread.h>
| int
| main ()
| {
| pthread_t th; pthread_join(th, 0);
| 	       pthread_attr_init(0); pthread_cleanup_push(0, 0);
| 	       pthread_create(0,0,0,0); pthread_cleanup_pop(0);
|   ;
|   return 0;
| }
configure:13049: result: no
configure:13054: checking whether -lpthread saves the day
configure:13070: gcc -o conftest -nostdlib -shared -fPIC -Wl,-z,defs -g -O2 -D_THREAD_SAFE    conftest.c -lpthread   -lc >&5
conftest.c:29:28: warning: null passed to a callee that requires a non-null argument [-Wnonnull]
               pthread_attr_init(0); pthread_cleanup_push(0, 0);
                                 ~^
conftest.c:30:31: warning: null passed to a callee that requires a non-null argument [-Wnonnull]
               pthread_create(0,0,0,0); pthread_cleanup_pop(0);
                              ~      ^
conftest.c:30:31: warning: null passed to a callee that requires a non-null argument [-Wnonnull]
               pthread_create(0,0,0,0); pthread_cleanup_pop(0);
                                  ~  ^
3 warnings generated.
ld: unknown option: -z
clang: error: linker command failed with exit code 1 (use -v to see invocation)
configure:13070: $? = 1
configure: failed program was:
| /* confdefs.h */
| #define PACKAGE_NAME "glm"
| #define PACKAGE_TARNAME "glm"
| #define PACKAGE_VERSION "0.3.2"
| #define PACKAGE_STRING "glm 0.3.2"
| #define PACKAGE_BUGREPORT ""
| #define PACKAGE_URL ""
| #define PACKAGE "glm"
| #define VERSION "0.3.2"
| #define STDC_HEADERS 1
| #define HAVE_SYS_TYPES_H 1
| #define HAVE_SYS_STAT_H 1
| #define HAVE_STDLIB_H 1
| #define HAVE_STRING_H 1
| #define HAVE_MEMORY_H 1
| #define HAVE_STRINGS_H 1
| #define HAVE_INTTYPES_H 1
| #define HAVE_STDINT_H 1
| #define HAVE_UNISTD_H 1
| #define HAVE_DLFCN_H 1
| #define LT_OBJDIR ".libs/"
| #define HAVE_STRDUP 1
| /* end confdefs.h.  */
| #include <pthread.h>
| int
| main ()
| {
| pthread_t th; pthread_join(th, 0);
| 	       pthread_attr_init(0); pthread_cleanup_push(0, 0);
| 	       pthread_create(0,0,0,0); pthread_cleanup_pop(0);
|   ;
|   return 0;
| }
configure:13083: result: no
configure:13085: WARNING: Impossible to determine how to use pthreads with shared libraries and -nostdlib
configure:13143: checking whether we are using the Microsoft C compiler
configure:13162: gcc -c -g -O2  conftest.c >&5
conftest.c:30:8: error: use of undeclared identifier 'choke'
       choke me
       ^
1 error generated.
configure:13162: $? = 1
configure: failed program was:
| /* confdefs.h */
| #define PACKAGE_NAME "glm"
| #define PACKAGE_TARNAME "glm"
| #define PACKAGE_VERSION "0.3.2"
| #define PACKAGE_STRING "glm 0.3.2"
| #define PACKAGE_BUGREPORT ""
| #define PACKAGE_URL ""
| #define PACKAGE "glm"
| #define VERSION "0.3.2"
| #define STDC_HEADERS 1
| #define HAVE_SYS_TYPES_H 1
| #define HAVE_SYS_STAT_H 1
| #define HAVE_STDLIB_H 1
| #define HAVE_STRING_H 1
| #define HAVE_MEMORY_H 1
| #define HAVE_STRINGS_H 1
| #define HAVE_INTTYPES_H 1
| #define HAVE_STDINT_H 1
| #define HAVE_UNISTD_H 1
| #define HAVE_DLFCN_H 1
| #define LT_OBJDIR ".libs/"
| #define HAVE_STRDUP 1
| #define HAVE_PTHREAD 1
| /* end confdefs.h.  */
| 
| int
| main ()
| {
| #ifndef _MSC_VER
|        choke me
| #endif
| 
|   ;
|   return 0;
| }
configure:13171: result: no
configure:13193: checking windows.h usability
configure:13193: gcc -c -g -O2  conftest.c >&5
conftest.c:58:10: fatal error: 'windows.h' file not found
#include <windows.h>
         ^
1 error generated.
configure:13193: $? = 1
configure: failed program was:
| /* confdefs.h */
| #define PACKAGE_NAME "glm"
| #define PACKAGE_TARNAME "glm"
| #define PACKAGE_VERSION "0.3.2"
| #define PACKAGE_STRING "glm 0.3.2"
| #define PACKAGE_BUGREPORT ""
| #define PACKAGE_URL ""
| #define PACKAGE "glm"
| #define VERSION "0.3.2"
| #define STDC_HEADERS 1
| #define HAVE_SYS_TYPES_H 1
| #define HAVE_SYS_STAT_H 1
| #define HAVE_STDLIB_H 1
| #define HAVE_STRING_H 1
| #define HAVE_MEMORY_H 1
| #define HAVE_STRINGS_H 1
| #define HAVE_INTTYPES_H 1
| #define HAVE_STDINT_H 1
| #define HAVE_UNISTD_H 1
| #define HAVE_DLFCN_H 1
| #define LT_OBJDIR ".libs/"
| #define HAVE_STRDUP 1
| #define HAVE_PTHREAD 1
| /* end confdefs.h.  */
| #include <stdio.h>
| #ifdef HAVE_SYS_TYPES_H
| # include <sys/types.h>
| #endif
| #ifdef HAVE_SYS_STAT_H
| # include <sys/stat.h>
| #endif
| #ifdef STDC_HEADERS
| # include <stdlib.h>
| # include <stddef.h>
| #else
| # ifdef HAVE_STDLIB_H
| #  include <stdlib.h>
| # endif
| #endif
| #ifdef HAVE_STRING_H
| # if !defined STDC_HEADERS && defined HAVE_MEMORY_H
| #  include <memory.h>
| # endif
| # include <string.h>
| #endif
| #ifdef HAVE_STRINGS_H
| # include <strings.h>
| #endif
| #ifdef HAVE_INTTYPES_H
| # include <inttypes.h>
| #endif
| #ifdef HAVE_STDINT_H
| # include <stdint.h>
| #endif
| #ifdef HAVE_UNISTD_H
| # include <unistd.h>
| #endif
| #include <windows.h>
configure:13193: result: no
configure:13193: checking windows.h presence
configure:13193: gcc -E  conftest.c
conftest.c:25:10: fatal error: 'windows.h' file not found
#include <windows.h>
         ^
1 error generated.
configure:13193: $? = 1
configure: failed program was:
| /* confdefs.h */
| #define PACKAGE_NAME "glm"
| #define PACKAGE_TARNAME "glm"
| #define PACKAGE_VERSION "0.3.2"
| #define PACKAGE_STRING "glm 0.3.2"
| #define PACKAGE_BUGREPORT ""
| #define PACKAGE_URL ""
| #define PACKAGE "glm"
| #define VERSION "0.3.2"
| #define STDC_HEADERS 1
| #define HAVE_SYS_TYPES_H 1
| #define HAVE_SYS_STAT_H 1
| #define HAVE_STDLIB_H 1
| #define HAVE_STRING_H 1
| #define HAVE_MEMORY_H 1
| #define HAVE_STRINGS_H 1
| #define HAVE_INTTYPES_H 1
| #define HAVE_STDINT_H 1
| #define HAVE_UNISTD_H 1
| #define HAVE_DLFCN_H 1
| #define LT_OBJDIR ".libs/"
| #define HAVE_STRDUP 1
| #define HAVE_PTHREAD 1
| /* end confdefs.h.  */
| #include <windows.h>
configure:13193: result: no
configure:13193: checking for windows.h
configure:13193: result: no
configure:13204: checking for OpenGL library
configure:13237: gcc -o conftest -g -O2 -D_THREAD_SAFE    conftest.c -lopengl32  -lm  >&5
conftest.c:29:11: fatal error: 'GL/gl.h' file not found
# include <GL/gl.h>
          ^
1 error generated.
configure:13237: $? = 1
configure: failed program was:
| /* confdefs.h */
| #define PACKAGE_NAME "glm"
| #define PACKAGE_TARNAME "glm"
| #define PACKAGE_VERSION "0.3.2"
| #define PACKAGE_STRING "glm 0.3.2"
| #define PACKAGE_BUGREPORT ""
| #define PACKAGE_URL ""
| #define PACKAGE "glm"
| #define VERSION "0.3.2"
| #define STDC_HEADERS 1
| #define HAVE_SYS_TYPES_H 1
| #define HAVE_SYS_STAT_H 1
| #define HAVE_STDLIB_H 1
| #define HAVE_STRING_H 1
| #define HAVE_MEMORY_H 1
| #define HAVE_STRINGS_H 1
| #define HAVE_INTTYPES_H 1
| #define HAVE_STDINT_H 1
| #define HAVE_UNISTD_H 1
| #define HAVE_DLFCN_H 1
| #define LT_OBJDIR ".libs/"
| #define HAVE_STRDUP 1
| #define HAVE_PTHREAD 1
| /* end confdefs.h.  */
| 
| # if HAVE_WINDOWS_H && defined(_WIN32)
| #   include <windows.h>
| # endif
| # include <GL/gl.h>
| int
| main ()
| {
| glBegin(0)
|   ;
|   return 0;
| }
configure:13237: gcc -o conftest -g -O2 -D_THREAD_SAFE    conftest.c -lGL  -lm  >&5
conftest.c:29:11: fatal error: 'GL/gl.h' file not found
# include <GL/gl.h>
          ^
1 error generated.
configure:13237: $? = 1
configure: failed program was:
| /* confdefs.h */
| #define PACKAGE_NAME "glm"
| #define PACKAGE_TARNAME "glm"
| #define PACKAGE_VERSION "0.3.2"
| #define PACKAGE_STRING "glm 0.3.2"
| #define PACKAGE_BUGREPORT ""
| #define PACKAGE_URL ""
| #define PACKAGE "glm"
| #define VERSION "0.3.2"
| #define STDC_HEADERS 1
| #define HAVE_SYS_TYPES_H 1
| #define HAVE_SYS_STAT_H 1
| #define HAVE_STDLIB_H 1
| #define HAVE_STRING_H 1
| #define HAVE_MEMORY_H 1
| #define HAVE_STRINGS_H 1
| #define HAVE_INTTYPES_H 1
| #define HAVE_STDINT_H 1
| #define HAVE_UNISTD_H 1
| #define HAVE_DLFCN_H 1
| #define LT_OBJDIR ".libs/"
| #define HAVE_STRDUP 1
| #define HAVE_PTHREAD 1
| /* end confdefs.h.  */
| 
| # if HAVE_WINDOWS_H && defined(_WIN32)
| #   include <windows.h>
| # endif
| # include <GL/gl.h>
| int
| main ()
| {
| glBegin(0)
|   ;
|   return 0;
| }
configure:13246: result: no
configure:13325: checking for g++
configure:13341: found /usr/bin/g++
configure:13352: result: g++
configure:13379: checking for C++ compiler version
configure:13388: g++ --version >&5
Apple LLVM version 8.0.0 (clang-800.0.42.1)
Target: x86_64-apple-darwin16.4.0
Thread model: posix
InstalledDir: /Applications/Xcode.app/Contents/Developer/Toolchains/XcodeDefault.xctoolchain/usr/bin
Configured with: --prefix=/Applications/Xcode.app/Contents/Developer/usr --with-gxx-include-dir=/usr/include/c++/4.2.1
configure:13399: $? = 0
configure:13388: g++ -v >&5
Configured with: --prefix=/Applications/Xcode.app/Contents/Developer/usr --with-gxx-include-dir=/usr/include/c++/4.2.1
Apple LLVM version 8.0.0 (clang-800.0.42.1)
Target: x86_64-apple-darwin16.4.0
Thread model: posix
InstalledDir: /Applications/Xcode.app/Contents/Developer/Toolchains/XcodeDefault.xctoolchain/usr/bin
configure:13399: $? = 0
configure:13388: g++ -V >&5
clang: error: argument to '-V' is missing (expected 1 value)
clang: error: no input files
configure:13399: $? = 1
configure:13388: g++ -qversion >&5
clang: error: unknown argument: '-qversion'
clang: error: no input files
configure:13399: $? = 1
configure:13403: checking whether we are using the GNU C++ compiler
configure:13422: g++ -c   conftest.cpp >&5
configure:13422: $? = 0
configure:13431: result: yes
configure:13440: checking whether g++ accepts -g
configure:13460: g++ -c -g  conftest.cpp >&5
configure:13460: $? = 0
configure:13501: result: yes
configure:13526: checking dependency style of g++
configure:13637: result: gcc3
configure:13775: checking for C++ compiler version
configure:13784: g++ --version >&5
Apple LLVM version 8.0.0 (clang-800.0.42.1)
Target: x86_64-apple-darwin16.4.0
Thread model: posix
InstalledDir: /Applications/Xcode.app/Contents/Developer/Toolchains/XcodeDefault.xctoolchain/usr/bin
Configured with: --prefix=/Applications/Xcode.app/Contents/Developer/usr --with-gxx-include-dir=/usr/include/c++/4.2.1
configure:13795: $? = 0
configure:13784: g++ -v >&5
Configured with: --prefix=/Applications/Xcode.app/Contents/Developer/usr --with-gxx-include-dir=/usr/include/c++/4.2.1
Apple LLVM version 8.0.0 (clang-800.0.42.1)
Target: x86_64-apple-darwin16.4.0
Thread model: posix
InstalledDir: /Applications/Xcode.app/Contents/Developer/Toolchains/XcodeDefault.xctoolchain/usr/bin
configure:13795: $? = 0
configure:13784: g++ -V >&5
clang: error: argument to '-V' is missing (expected 1 value)
clang: error: no input files
configure:13795: $? = 1
configure:13784: g++ -qversion >&5
clang: error: unknown argument: '-qversion'
clang: error: no input files
configure:13795: $? = 1
configure:13799: checking whether we are using the GNU C++ compiler
configure:13827: result: yes
configure:13836: checking whether g++ accepts -g
configure:13897: result: yes
configure:13922: checking dependency style of g++
configure:14033: result: gcc3
configure:14055: checking how to run the C++ preprocessor
configure:14082: g++ -E  conftest.cpp
configure:14082: $? = 0
configure:14096: g++ -E  conftest.cpp
conftest.cpp:25:10: fatal error: 'ac_nonexistent.h' file not found
#include <ac_nonexistent.h>
         ^
1 error generated.
configure:14096: $? = 1
configure: failed program was:
| /* confdefs.h */
| #define PACKAGE_NAME "glm"
| #define PACKAGE_TARNAME "glm"
| #define PACKAGE_VERSION "0.3.2"
| #define PACKAGE_STRING "glm 0.3.2"
| #define PACKAGE_BUGREPORT ""
| #define PACKAGE_URL ""
| #define PACKAGE "glm"
| #define VERSION "0.3.2"
| #define STDC_HEADERS 1
| #define HAVE_SYS_TYPES_H 1
| #define HAVE_SYS_STAT_H 1
| #define HAVE_STDLIB_H 1
| #define HAVE_STRING_H 1
| #define HAVE_MEMORY_H 1
| #define HAVE_STRINGS_H 1
| #define HAVE_INTTYPES_H 1
| #define HAVE_STDINT_H 1
| #define HAVE_UNISTD_H 1
| #define HAVE_DLFCN_H 1
| #define LT_OBJDIR ".libs/"
| #define HAVE_STRDUP 1
| #define HAVE_PTHREAD 1
| /* end confdefs.h.  */
| #include <ac_nonexistent.h>
configure:14121: result: g++ -E
configure:14141: g++ -E  conftest.cpp
configure:14141: $? = 0
configure:14155: g++ -E  conftest.cpp
conftest.cpp:25:10: fatal error: 'ac_nonexistent.h' file not found
#include <ac_nonexistent.h>
         ^
1 error generated.
configure:14155: $? = 1
configure: failed program was:
| /* confdefs.h */
| #define PACKAGE_NAME "glm"
| #define PACKAGE_TARNAME "glm"
| #define PACKAGE_VERSION "0.3.2"
| #define PACKAGE_STRING "glm 0.3.2"
| #define PACKAGE_BUGREPORT ""
| #define PACKAGE_URL ""
| #define PACKAGE "glm"
| #define VERSION "0.3.2"
| #define STDC_HEADERS 1
| #define HAVE_SYS_TYPES_H 1
| #define HAVE_SYS_STAT_H 1
| #define HAVE_STDLIB_H 1
| #define HAVE_STRING_H 1
| #define HAVE_MEMORY_H 1
| #define HAVE_STRINGS_H 1
| #define HAVE_INTTYPES_H 1
| #define HAVE_STDINT_H 1
| #define HAVE_UNISTD_H 1
| #define HAVE_DLFCN_H 1
| #define LT_OBJDIR ".libs/"
| #define HAVE_STRDUP 1
| #define HAVE_PTHREAD 1
| /* end confdefs.h.  */
| #include <ac_nonexistent.h>
configure:14317: checking for ld used by g++
configure:14384: result: /Applications/Xcode.app/Contents/Developer/Toolchains/XcodeDefault.xctoolchain/usr/bin/ld
configure:14391: checking if the linker (/Applications/Xcode.app/Contents/Developer/Toolchains/XcodeDefault.xctoolchain/usr/bin/ld) is GNU ld
configure:14406: result: no
configure:14461: checking whether the g++ linker (/Applications/Xcode.app/Contents/Developer/Toolchains/XcodeDefault.xctoolchain/usr/bin/ld) supports shared libraries
configure:15534: result: yes
configure:15570: g++ -c -g -O2  conftest.cpp >&5
configure:15573: $? = 0
configure:16054: checking for g++ option to produce PIC
configure:16061: result: -fno-common -DPIC
configure:16069: checking if g++ PIC flag -fno-common -DPIC works
configure:16087: g++ -c -g -O2  -fno-common -DPIC -DPIC conftest.cpp >&5
configure:16091: $? = 0
configure:16104: result: yes
configure:16127: checking if g++ static flag -static works
configure:16155: result: no
configure:16167: checking if g++ supports -c -o file.o
configure:16188: g++ -c -g -O2  -o out/conftest2.o conftest.cpp >&5
configure:16192: $? = 0
configure:16214: result: yes
configure:16219: checking if g++ supports -c -o file.o
configure:16266: result: yes
configure:16296: checking whether the g++ linker (/Applications/Xcode.app/Contents/Developer/Toolchains/XcodeDefault.xctoolchain/usr/bin/ld) supports shared libraries
configure:16336: result: yes
configure:16477: checking dynamic linker characteristics
configure:17222: result: darwin16.4.0 dyld
configure:17287: checking how to hardcode library paths into programs
configure:17312: result: immediate
configure:17354: checking for OpenGL Utility library
configure:17407: g++ -o conftest -g -O2    conftest.cpp -lglu32   >&5
conftest.cpp:29:11: fatal error: 'GL/glu.h' file not found
# include <GL/glu.h>
          ^
1 error generated.
configure:17407: $? = 1
configure: failed program was:
| /* confdefs.h */
| #define PACKAGE_NAME "glm"
| #define PACKAGE_TARNAME "glm"
| #define PACKAGE_VERSION "0.3.2"
| #define PACKAGE_STRING "glm 0.3.2"
| #define PACKAGE_BUGREPORT ""
| #define PACKAGE_URL ""
| #define PACKAGE "glm"
| #define VERSION "0.3.2"
| #define STDC_HEADERS 1
| #define HAVE_SYS_TYPES_H 1
| #define HAVE_SYS_STAT_H 1
| #define HAVE_STDLIB_H 1
| #define HAVE_STRING_H 1
| #define HAVE_MEMORY_H 1
| #define HAVE_STRINGS_H 1
| #define HAVE_INTTYPES_H 1
| #define HAVE_STDINT_H 1
| #define HAVE_UNISTD_H 1
| #define HAVE_DLFCN_H 1
| #define LT_OBJDIR ".libs/"
| #define HAVE_STRDUP 1
| #define HAVE_PTHREAD 1
| /* end confdefs.h.  */
| 
| # if HAVE_WINDOWS_H && defined(_WIN32)
| #   include <windows.h>
| # endif
| # include <GL/glu.h>
| int
| main ()
| {
| gluBeginCurve(0)
|   ;
|   return 0;
| }
configure:17407: g++ -o conftest -g -O2    conftest.cpp -lGLU   >&5
conftest.cpp:29:11: fatal error: 'GL/glu.h' file not found
# include <GL/glu.h>
          ^
1 error generated.
configure:17407: $? = 1
configure: failed program was:
| /* confdefs.h */
| #define PACKAGE_NAME "glm"
| #define PACKAGE_TARNAME "glm"
| #define PACKAGE_VERSION "0.3.2"
| #define PACKAGE_STRING "glm 0.3.2"
| #define PACKAGE_BUGREPORT ""
| #define PACKAGE_URL ""
| #define PACKAGE "glm"
| #define VERSION "0.3.2"
| #define STDC_HEADERS 1
| #define HAVE_SYS_TYPES_H 1
| #define HAVE_SYS_STAT_H 1
| #define HAVE_STDLIB_H 1
| #define HAVE_STRING_H 1
| #define HAVE_MEMORY_H 1
| #define HAVE_STRINGS_H 1
| #define HAVE_INTTYPES_H 1
| #define HAVE_STDINT_H 1
| #define HAVE_UNISTD_H 1
| #define HAVE_DLFCN_H 1
| #define LT_OBJDIR ".libs/"
| #define HAVE_STRDUP 1
| #define HAVE_PTHREAD 1
| /* end confdefs.h.  */
| 
| # if HAVE_WINDOWS_H && defined(_WIN32)
| #   include <windows.h>
| # endif
| # include <GL/glu.h>
| int
| main ()
| {
| gluBeginCurve(0)
|   ;
|   return 0;
| }
configure:17430: result: no
configure:17958: checking for GLUT library
configure:17989: gcc -o conftest -g -O2    conftest.c -lglut32   >&5
conftest.c:30:11: fatal error: 'GL/glut.h' file not found
# include <GL/glut.h>
          ^
1 error generated.
configure:17989: $? = 1
configure: failed program was:
| /* confdefs.h */
| #define PACKAGE_NAME "glm"
| #define PACKAGE_TARNAME "glm"
| #define PACKAGE_VERSION "0.3.2"
| #define PACKAGE_STRING "glm 0.3.2"
| #define PACKAGE_BUGREPORT ""
| #define PACKAGE_URL ""
| #define PACKAGE "glm"
| #define VERSION "0.3.2"
| #define STDC_HEADERS 1
| #define HAVE_SYS_TYPES_H 1
| #define HAVE_SYS_STAT_H 1
| #define HAVE_STDLIB_H 1
| #define HAVE_STRING_H 1
| #define HAVE_MEMORY_H 1
| #define HAVE_STRINGS_H 1
| #define HAVE_INTTYPES_H 1
| #define HAVE_STDINT_H 1
| #define HAVE_UNISTD_H 1
| #define HAVE_DLFCN_H 1
| #define LT_OBJDIR ".libs/"
| #define HAVE_STRDUP 1
| #define HAVE_PTHREAD 1
| #define X_DISPLAY_MISSING 1
| /* end confdefs.h.  */
| 
| # if HAVE_WINDOWS_H && defined(_WIN32)
| #   include <windows.h>
| # endif
| # include <GL/glut.h>
| int
| main ()
| {
| glutMainLoop()
|   ;
|   return 0;
| }
configure:17989: gcc -o conftest -g -O2    conftest.c -lglut   >&5
conftest.c:30:11: fatal error: 'GL/glut.h' file not found
# include <GL/glut.h>
          ^
1 error generated.
configure:17989: $? = 1
configure: failed program was:
| /* confdefs.h */
| #define PACKAGE_NAME "glm"
| #define PACKAGE_TARNAME "glm"
| #define PACKAGE_VERSION "0.3.2"
| #define PACKAGE_STRING "glm 0.3.2"
| #define PACKAGE_BUGREPORT ""
| #define PACKAGE_URL ""
| #define PACKAGE "glm"
| #define VERSION "0.3.2"
| #define STDC_HEADERS 1
| #define HAVE_SYS_TYPES_H 1
| #define HAVE_SYS_STAT_H 1
| #define HAVE_STDLIB_H 1
| #define HAVE_STRING_H 1
| #define HAVE_MEMORY_H 1
| #define HAVE_STRINGS_H 1
| #define HAVE_INTTYPES_H 1
| #define HAVE_STDINT_H 1
| #define HAVE_UNISTD_H 1
| #define HAVE_DLFCN_H 1
| #define LT_OBJDIR ".libs/"
| #define HAVE_STRDUP 1
| #define HAVE_PTHREAD 1
| #define X_DISPLAY_MISSING 1
| /* end confdefs.h.  */
| 
| # if HAVE_WINDOWS_H && defined(_WIN32)
| #   include <windows.h>
| # endif
| # include <GL/glut.h>
| int
| main ()
| {
| glutMainLoop()
|   ;
|   return 0;
| }
configure:17999: result: no
configure:18039: checking for GLUI library
configure:18070: g++ -o conftest -g -O2    conftest.cpp -lglui32   >&5
conftest.cpp:30:11: fatal error: 'GL/glui.h' file not found
# include <GL/glui.h>
          ^
1 error generated.
configure:18070: $? = 1
configure: failed program was:
| /* confdefs.h */
| #define PACKAGE_NAME "glm"
| #define PACKAGE_TARNAME "glm"
| #define PACKAGE_VERSION "0.3.2"
| #define PACKAGE_STRING "glm 0.3.2"
| #define PACKAGE_BUGREPORT ""
| #define PACKAGE_URL ""
| #define PACKAGE "glm"
| #define VERSION "0.3.2"
| #define STDC_HEADERS 1
| #define HAVE_SYS_TYPES_H 1
| #define HAVE_SYS_STAT_H 1
| #define HAVE_STDLIB_H 1
| #define HAVE_STRING_H 1
| #define HAVE_MEMORY_H 1
| #define HAVE_STRINGS_H 1
| #define HAVE_INTTYPES_H 1
| #define HAVE_STDINT_H 1
| #define HAVE_UNISTD_H 1
| #define HAVE_DLFCN_H 1
| #define LT_OBJDIR ".libs/"
| #define HAVE_STRDUP 1
| #define HAVE_PTHREAD 1
| #define X_DISPLAY_MISSING 1
| /* end confdefs.h.  */
| 
| # if HAVE_WINDOWS_H && defined(_WIN32)
| #   include <windows.h>
| # endif
| # include <GL/glui.h>
| int
| main ()
| {
| GLUI_Master.set_glutSpecialFunc( NULL );glutMainLoop()
|   ;
|   return 0;
| }
configure:18070: g++ -o conftest -g -O2    conftest.cpp -lglui   >&5
conftest.cpp:30:11: fatal error: 'GL/glui.h' file not found
# include <GL/glui.h>
          ^
1 error generated.
configure:18070: $? = 1
configure: failed program was:
| /* confdefs.h */
| #define PACKAGE_NAME "glm"
| #define PACKAGE_TARNAME "glm"
| #define PACKAGE_VERSION "0.3.2"
| #define PACKAGE_STRING "glm 0.3.2"
| #define PACKAGE_BUGREPORT ""
| #define PACKAGE_URL ""
| #define PACKAGE "glm"
| #define VERSION "0.3.2"
| #define STDC_HEADERS 1
| #define HAVE_SYS_TYPES_H 1
| #define HAVE_SYS_STAT_H 1
| #define HAVE_STDLIB_H 1
| #define HAVE_STRING_H 1
| #define HAVE_MEMORY_H 1
| #define HAVE_STRINGS_H 1
| #define HAVE_INTTYPES_H 1
| #define HAVE_STDINT_H 1
| #define HAVE_UNISTD_H 1
| #define HAVE_DLFCN_H 1
| #define LT_OBJDIR ".libs/"
| #define HAVE_STRDUP 1
| #define HAVE_PTHREAD 1
| #define X_DISPLAY_MISSING 1
| /* end confdefs.h.  */
| 
| # if HAVE_WINDOWS_H && defined(_WIN32)
| #   include <windows.h>
| # endif
| # include <GL/glui.h>
| int
| main ()
| {
| GLUI_Master.set_glutSpecialFunc( NULL );glutMainLoop()
|   ;
|   return 0;
| }
configure:18080: result: no
configure:18120: checking for jpeg_destroy_decompress in -ljpeg
configure:18145: gcc -o conftest -g -O2   conftest.c -ljpeg -lm  >&5
configure:18145: $? = 0
configure:18154: result: yes
configure:18165: checking for jpeglib.h
configure:18174: gcc -E  conftest.c
configure:18174: $? = 0
configure:18180: result: yes
configure:18195: checking for png_create_read_struct in -lpng
configure:18220: gcc -o conftest -g -O2   conftest.c -lpng -lz  >&5
configure:18220: $? = 0
configure:18229: result: yes
configure:18239: checking for uncompress in -lz
configure:18264: gcc -o conftest -g -O2   conftest.c -lz   >&5
configure:18264: $? = 0
configure:18273: result: yes
configure:18396: checking for ilInit in -lIL
configure:18421: gcc -o conftest -g -O2   conftest.c -lIL -lm  >&5
configure:18421: $? = 0
configure:18430: result: yes
configure:18441: checking for IL/il.h
configure:18450: gcc -E  conftest.c
configure:18450: $? = 0
configure:18456: result: yes
configure:18610: WARNING: *** Not using the simage library for loading textures (http://www.coin3d.org)
configure:18754: checking that generated files are newer than configure
configure:18760: result: done
configure:18811: creating ./config.status

## ---------------------- ##
## Running config.status. ##
## ---------------------- ##

This file was extended by glm config.status 0.3.2, which was
generated by GNU Autoconf 2.69.  Invocation command line was

  CONFIG_FILES    = 
  CONFIG_HEADERS  = 
  CONFIG_LINKS    = 
  CONFIG_COMMANDS = 
  $ ./config.status 

on Alexiss-MacBook-Pro.local

config.status:1190: creating Makefile
config.status:1190: creating glm/Makefile
config.status:1190: creating examples/Makefile
config.status:1190: creating m4/Makefile
config.status:1190: creating glm.spec
config.status:1190: creating config.h
config.status:1371: config.h is unchanged
config.status:1419: executing depfiles commands
config.status:1419: executing libtool commands

## ---------------- ##
## Cache variables. ##
## ---------------- ##

ac_cv_build=x86_64-apple-darwin16.4.0
ac_cv_c_compiler_gnu=yes
ac_cv_c_inline=inline
ac_cv_cxx_compiler_gnu=yes
ac_cv_env_CCC_set=
ac_cv_env_CCC_value=
ac_cv_env_CC_set=
ac_cv_env_CC_value=
ac_cv_env_CFLAGS_set=
ac_cv_env_CFLAGS_value=
ac_cv_env_CPPFLAGS_set=
ac_cv_env_CPPFLAGS_value=
ac_cv_env_CPP_set=
ac_cv_env_CPP_value=
ac_cv_env_CXXCPP_set=
ac_cv_env_CXXCPP_value=
ac_cv_env_CXXFLAGS_set=
ac_cv_env_CXXFLAGS_value=
ac_cv_env_CXX_set=
ac_cv_env_CXX_value=
ac_cv_env_LDFLAGS_set=
ac_cv_env_LDFLAGS_value=
ac_cv_env_LIBS_set=
ac_cv_env_LIBS_value=
ac_cv_env_LT_SYS_LIBRARY_PATH_set=
ac_cv_env_LT_SYS_LIBRARY_PATH_value=
ac_cv_env_XMKMF_set=
ac_cv_env_XMKMF_value=
ac_cv_env_build_alias_set=
ac_cv_env_build_alias_value=
ac_cv_env_host_alias_set=
ac_cv_env_host_alias_value=
ac_cv_env_target_alias_set=
ac_cv_env_target_alias_value=
ac_cv_func_strdup=yes
ac_cv_have_x=have_x=no
ac_cv_header_dlfcn_h=yes
ac_cv_header_inttypes_h=yes
ac_cv_header_memory_h=yes
ac_cv_header_stdc=yes
ac_cv_header_stdint_h=yes
ac_cv_header_stdlib_h=yes
ac_cv_header_string_h=yes
ac_cv_header_strings_h=yes
ac_cv_header_sys_stat_h=yes
ac_cv_header_sys_types_h=yes
ac_cv_header_unistd_h=yes
ac_cv_header_windows_h=no
ac_cv_host=x86_64-apple-darwin16.4.0
ac_cv_lib_IL_ilInit=yes
ac_cv_lib_jpeg_jpeg_destroy_decompress=yes
ac_cv_lib_png_png_create_read_struct=yes
ac_cv_lib_z_uncompress=yes
ac_cv_objext=o
ac_cv_path_EGREP='/usr/bin/grep -E'
ac_cv_path_FGREP='/usr/bin/grep -F'
ac_cv_path_GREP=/usr/bin/grep
ac_cv_path_SED=/usr/bin/sed
ac_cv_path_install='/usr/bin/install -c'
ac_cv_path_lt_DD=/bin/dd
ac_cv_prog_AWK=awk
ac_cv_prog_CPP='gcc -E'
ac_cv_prog_CXXCPP='g++ -E'
ac_cv_prog_ac_ct_AR=ar
ac_cv_prog_ac_ct_CC=gcc
ac_cv_prog_ac_ct_CXX=g++
ac_cv_prog_ac_ct_DSYMUTIL=dsymutil
ac_cv_prog_ac_ct_LIPO=lipo
ac_cv_prog_ac_ct_NMEDIT=nmedit
ac_cv_prog_ac_ct_OBJDUMP=objdump
ac_cv_prog_ac_ct_OTOOL=otool
ac_cv_prog_ac_ct_RANLIB=ranlib
ac_cv_prog_ac_ct_STRIP=strip
ac_cv_prog_cc_c89=
ac_cv_prog_cc_g=yes
ac_cv_prog_cxx_g=yes
ac_cv_prog_make_make_set=yes
ac_cv_target=x86_64-apple-darwin16.4.0
am_cv_CC_dependencies_compiler_type=gcc3
am_cv_CXX_dependencies_compiler_type=gcc3
am_cv_make_support_nested_variables=yes
am_cv_prog_cc_c_o=yes
ax_cv_c_compiler_ms=no
ax_cv_check_gl_libgl=no
ax_cv_check_glu_libglu=no
ax_cv_check_glui_libglui=no
ax_cv_check_glut_libglut=no
lt_cv_apple_cc_single_mod=yes
lt_cv_ar_at_file=no
lt_cv_deplibs_check_method=pass_all
lt_cv_file_magic_cmd='$MAGIC_CMD'
lt_cv_file_magic_test_file=
lt_cv_ld_exported_symbols_list=yes
lt_cv_ld_force_load=yes
lt_cv_ld_reload_flag=-r
lt_cv_nm_interface='BSD nm'
lt_cv_objdir=.libs
lt_cv_path_LD=/Applications/Xcode.app/Contents/Developer/Toolchains/XcodeDefault.xctoolchain/usr/bin/ld
lt_cv_path_LDCXX=/Applications/Xcode.app/Contents/Developer/Toolchains/XcodeDefault.xctoolchain/usr/bin/ld
lt_cv_path_NM='/usr/bin/nm -B'
lt_cv_path_mainfest_tool=no
lt_cv_prog_compiler_c_o=yes
lt_cv_prog_compiler_c_o_CXX=yes
lt_cv_prog_compiler_pic='-fno-common -DPIC'
lt_cv_prog_compiler_pic_CXX='-fno-common -DPIC'
lt_cv_prog_compiler_pic_works=yes
lt_cv_prog_compiler_pic_works_CXX=yes
lt_cv_prog_compiler_rtti_exceptions=yes
lt_cv_prog_compiler_static_works=no
lt_cv_prog_compiler_static_works_CXX=no
lt_cv_prog_gnu_ld=no
lt_cv_prog_gnu_ldcxx=no
lt_cv_sharedlib_from_linklib_cmd='printf %s\n'
lt_cv_sys_global_symbol_pipe='sed -n -e '\''s/^.*[	 ]\([BCDEGRST][BCDEGRST]*\)[	 ][	 ]*_\([_A-Za-z][_A-Za-z0-9]*\)$/\1 _\2 \2/p'\'' | sed '\''/ __gnu_lto/d'\'''
lt_cv_sys_global_symbol_to_c_name_address='sed -n -e '\''s/^: \(.*\) .*$/  {"\1", (void *) 0},/p'\'' -e '\''s/^[BCDEGRST][BCDEGRST]* .* \(.*\)$/  {"\1", (void *) \&\1},/p'\'''
lt_cv_sys_global_symbol_to_c_name_address_lib_prefix='sed -n -e '\''s/^: \(.*\) .*$/  {"\1", (void *) 0},/p'\'' -e '\''s/^[BCDEGRST][BCDEGRST]* .* \(lib.*\)$/  {"\1", (void *) \&\1},/p'\'' -e '\''s/^[BCDEGRST][BCDEGRST]* .* \(.*\)$/  {"lib\1", (void *) \&\1},/p'\'''
lt_cv_sys_global_symbol_to_cdecl='sed -n -e '\''s/^T .* \(.*\)$/extern int \1();/p'\'' -e '\''s/^[BCDEGRST][BCDEGRST]* .* \(.*\)$/extern char \1;/p'\'''
lt_cv_sys_global_symbol_to_import=
lt_cv_sys_max_cmd_len=196608
lt_cv_to_host_file_cmd=func_convert_file_noop
lt_cv_to_tool_file_cmd=func_convert_file_noop
lt_cv_truncate_bin='/bin/dd bs=4096 count=1'

## ----------------- ##
## Output variables. ##
## ----------------- ##

ACLOCAL='${SHELL} /Users/amatuk/Desktop/GLM/glm-0.3.2/missing aclocal-1.15'
AMDEPBACKSLASH='\'
AMDEP_FALSE='#'
AMDEP_TRUE=''
AMTAR='$${TAR-tar}'
AM_BACKSLASH='\'
AM_DEFAULT_V='$(AM_DEFAULT_VERBOSITY)'
AM_DEFAULT_VERBOSITY='1'
AM_V='$(V)'
AR='ar'
AUTOCONF='${SHELL} /Users/amatuk/Desktop/GLM/glm-0.3.2/missing autoconf'
AUTOHEADER='${SHELL} /Users/amatuk/Desktop/GLM/glm-0.3.2/missing autoheader'
AUTOMAKE='${SHELL} /Users/amatuk/Desktop/GLM/glm-0.3.2/missing automake-1.15'
AWK='awk'
CC='gcc'
CCDEPMODE='depmode=gcc3'
CFLAGS='-g -O2'
CPP='gcc -E'
CPPFLAGS=''
CXX='g++'
CXXCPP='g++ -E'
CXXDEPMODE='depmode=gcc3'
CXXFLAGS='-g -O2'
CYGPATH_W='echo'
DEFS='-DHAVE_CONFIG_H'
DEPDIR='.deps'
DEVILLIBS='-lIL'
DLLTOOL='false'
DSYMUTIL='dsymutil'
DUMPBIN=''
ECHO_C='\c'
ECHO_N=''
ECHO_T=''
EGREP='/usr/bin/grep -E'
EXEEXT=''
FGREP='/usr/bin/grep -F'
GLUI_CFLAGS=''
GLUI_LIBS=''
GLUT_CFLAGS=''
GLUT_LIBS=''
GLU_CFLAGS=''
GLU_LIBS=''
GL_CFLAGS=''
GL_LIBS=''
GREP='/usr/bin/grep'
HAVE_GIF_FALSE=''
HAVE_GIF_TRUE='#'
HAVE_GLUI_FALSE=''
HAVE_GLUI_TRUE='#'
HAVE_GLUT_FALSE=''
HAVE_GLUT_TRUE='#'
HAVE_SDL_IMAGE_FALSE=''
HAVE_SDL_IMAGE_TRUE='#'
HAVE_TIFF_FALSE=''
HAVE_TIFF_TRUE='#'
INSTALL_DATA='${INSTALL} -m 644'
INSTALL_PROGRAM='${INSTALL}'
INSTALL_SCRIPT='${INSTALL}'
INSTALL_STRIP_PROGRAM='$(install_sh) -c -s'
JPEGLIBS='-ljpeg'
LD='/Applications/Xcode.app/Contents/Developer/Toolchains/XcodeDefault.xctoolchain/usr/bin/ld'
LDFLAGS=''
LIBOBJS=''
LIBS=''
LIBTOOL='$(SHELL) $(top_builddir)/libtool'
LIPO='lipo'
LN_S='ln -s'
LTLIBOBJS=''
LT_SYS_LIBRARY_PATH=''
MAKEINFO='${SHELL} /Users/amatuk/Desktop/GLM/glm-0.3.2/missing makeinfo'
MANIFEST_TOOL=':'
MKDIR_P='./install-sh -c -d'
NM='/usr/bin/nm -B'
NMEDIT='nmedit'
OBJDUMP='objdump'
OBJEXT='o'
OTOOL64=':'
OTOOL='otool'
PACKAGE='glm'
PACKAGE_BUGREPORT=''
PACKAGE_NAME='glm'
PACKAGE_STRING='glm 0.3.2'
PACKAGE_TARNAME='glm'
PACKAGE_URL=''
PACKAGE_VERSION='0.3.2'
PATH_SEPARATOR=':'
PTHREAD_CC='gcc'
PTHREAD_CFLAGS='-D_THREAD_SAFE '
PTHREAD_LIBS=''
RANLIB='ranlib'
SDL_IMAGELIBS=''
SED='/usr/bin/sed'
SET_MAKE=''
SHELL='/bin/sh'
STRIP='strip'
SUPPORT_LIBS=' -ljpeg -lpng -lz -lIL'
VERSION='0.3.2'
WARN_CFLAGS='-Wall -Wmissing-prototypes '
XMKMF=''
X_CFLAGS=''
X_EXTRA_LIBS=''
X_LIBS=''
X_PRE_LIBS=''
ac_ct_AR='ar'
ac_ct_CC='gcc'
ac_ct_CXX='g++'
ac_ct_DUMPBIN=''
acx_pthread_config=''
am__EXEEXT_FALSE=''
am__EXEEXT_TRUE='#'
am__fastdepCC_FALSE='#'
am__fastdepCC_TRUE=''
am__fastdepCXX_FALSE='#'
am__fastdepCXX_TRUE=''
am__include='include'
am__isrc=''
am__leading_dot='.'
am__nodep='_no'
am__quote=''
am__tar='$${TAR-tar} chof - "$$tardir"'
am__untar='$${TAR-tar} xf -'
bindir='${exec_prefix}/bin'
build='x86_64-apple-darwin16.4.0'
build_alias=''
build_cpu='x86_64'
build_os='darwin16.4.0'
build_vendor='apple'
datadir='${datarootdir}'
datarootdir='${prefix}/share'
docdir='${datarootdir}/doc/${PACKAGE_TARNAME}'
dvidir='${docdir}'
exec_prefix='${prefix}'
host='x86_64-apple-darwin16.4.0'
host_alias=''
host_cpu='x86_64'
host_os='darwin16.4.0'
host_vendor='apple'
htmldir='${docdir}'
includedir='${prefix}/include'
infodir='${datarootdir}/info'
install_sh='${SHELL} /Users/amatuk/Desktop/GLM/glm-0.3.2/install-sh'
libdir='${exec_prefix}/lib'
libexecdir='${exec_prefix}/libexec'
localedir='${datarootdir}/locale'
localstatedir='${prefix}/var'
mandir='${datarootdir}/man'
mkdir_p='$(MKDIR_P)'
oldincludedir='/usr/include'
pdfdir='${docdir}'
prefix='/usr/local'
program_transform_name='s,x,x,'
psdir='${docdir}'
sbindir='${exec_prefix}/sbin'
sharedstatedir='${prefix}/com'
sim_ac_simage_configcmd=''
sysconfdir='${prefix}/etc'
target='x86_64-apple-darwin16.4.0'
target_alias=''
target_cpu='x86_64'
target_os='darwin16.4.0'
target_vendor='apple'

## ----------- ##
## confdefs.h. ##
## ----------- ##

/* confdefs.h */
#define PACKAGE_NAME "glm"
#define PACKAGE_TARNAME "glm"
#define PACKAGE_VERSION "0.3.2"
#define PACKAGE_STRING "glm 0.3.2"
#define PACKAGE_BUGREPORT ""
#define PACKAGE_URL ""
#define PACKAGE "glm"
#define VERSION "0.3.2"
#define STDC_HEADERS 1
#define HAVE_SYS_TYPES_H 1
#define HAVE_SYS_STAT_H 1
#define HAVE_STDLIB_H 1
#define HAVE_STRING_H 1
#define HAVE_MEMORY_H 1
#define HAVE_STRINGS_H 1
#define HAVE_INTTYPES_H 1
#define HAVE_STDINT_H 1
#define HAVE_UNISTD_H 1
#define HAVE_DLFCN_H 1
#define LT_OBJDIR ".libs/"
#define HAVE_STRDUP 1
#define HAVE_PTHREAD 1
#define X_DISPLAY_MISSING 1
#define HAVE_LIBJPEG 1
#define HAVE_LIBPNG 1
#define HAVE_DEVIL 1

configure: exit 0
